<?xml version="1.0" encoding="UTF-8"?>
<testng-results ignored="0" total="1" passed="1" failed="0" skipped="0">
  <reporter-output>
  </reporter-output>
  <suite started-at="2021-03-22T18:57:23Z" name="LoginTests.LoginTest" finished-at="2021-03-22T18:57:29Z" duration-ms="5800">
    <groups>
    </groups>
    <test started-at="2021-03-22T18:57:23Z" name="Command line test" finished-at="2021-03-22T18:57:29Z" duration-ms="5800">
      <class name="LoginTests.LoginTest">
        <test-method is-config="true" signature="setUp()[pri:0, instance:LoginTests.LoginTest@4671e53b]" started-at="2021-03-22T18:57:23Z" name="setUp" finished-at="2021-03-22T18:57:27Z" duration-ms="3963" status="PASS">
          <reporter-output>
          </reporter-output>
        </test-method> <!-- setUp -->
        <test-method is-config="true" signature="goHome()[pri:0, instance:LoginTests.LoginTest@4671e53b]" started-at="2021-03-22T18:57:27Z" name="goHome" finished-at="2021-03-22T18:57:27Z" duration-ms="184" status="PASS">
          <reporter-output>
          </reporter-output>
        </test-method> <!-- goHome -->
        <test-method signature="testSuccessfulLogin()[pri:0, instance:LoginTests.LoginTest@4671e53b]" started-at="2021-03-22T18:57:27Z" name="testSuccessfulLogin" finished-at="2021-03-22T18:57:28Z" duration-ms="993" status="PASS">
          <reporter-output>
          </reporter-output>
        </test-method> <!-- testSuccessfulLogin -->
        <test-method is-config="true" signature="takeScreenShot(org.testng.ITestResult)[pri:0, instance:LoginTests.LoginTest@4671e53b]" started-at="2021-03-22T18:57:28Z" name="takeScreenShot" finished-at="2021-03-22T18:57:28Z" duration-ms="5" status="PASS">
          <params>
            <param index="0">
              <value>
                <![CDATA[[TestResult name=testSuccessfulLogin status=SUCCESS method=LoginTest.testSuccessfulLogin()[pri:0, instance:LoginTests.LoginTest@4671e53b] output={null}]]]>
              </value>
            </param>
          </params>
          <reporter-output>
          </reporter-output>
        </test-method> <!-- takeScreenShot -->
        <test-method is-config="true" signature="tearDown()[pri:0, instance:LoginTests.LoginTest@4671e53b]" started-at="2021-03-22T18:57:28Z" name="tearDown" finished-at="2021-03-22T18:57:29Z" duration-ms="633" status="PASS">
          <reporter-output>
          </reporter-output>
        </test-method> <!-- tearDown -->
      </class> <!-- LoginTests.LoginTest -->
    </test> <!-- Command line test -->
  </suite> <!-- LoginTests.LoginTest -->
</testng-results>
